2025-11-03 13:35:15 - scraper_service - INFO - ============================================================
2025-11-03 13:35:15 - scraper_service - INFO - INICIANDO SCRAPER DE LISTADO - FASE 1 (Listado)
2025-11-03 13:35:15 - scraper_service - INFO - ============================================================
2025-11-03 13:35:15 - scraper_service - INFO - Filtros aplicados: {'date_from': '2025-11-01', 'date_to': '2025-11-03'}
2025-11-03 13:35:15 - scraper_service - INFO - Límite de páginas: 3
2025-11-03 13:35:16 - scraper_service - INFO - Iniciando navegador (Playwright)...
2025-11-03 13:35:21 - scraper_service - INFO - Navegando a página 1...
2025-11-03 13:35:21 - scraper_service - DEBUG - URL: https://buscador.mercadopublico.cl/compra-agil?status=2&order_by=recent&page_number=1&date_from=2025-11-01&date_to=2025-11-03&region=all
2025-11-03 13:35:28 - scraper_service - DEBUG - Respuesta API válida capturada.
2025-11-03 13:35:31 - scraper_service - INFO - Página 1 procesada: 15 compras encontradas.
2025-11-03 13:35:31 - scraper_service - DEBUG - Iniciando guardado en BD para 15 items...
2025-11-03 13:35:31 - scraper_service - INFO - Guardadas 15 compras en PostgreSQL.
2025-11-03 13:35:31 - scraper_service - INFO - Total resultados encontrados: 3314
2025-11-03 13:35:31 - scraper_service - INFO - Total páginas a scrapear: 221
2025-11-03 13:35:32 - scraper_service - INFO - Navegando a página 2...
2025-11-03 13:35:32 - scraper_service - DEBUG - URL: https://buscador.mercadopublico.cl/compra-agil?status=2&order_by=recent&page_number=2&date_from=2025-11-01&date_to=2025-11-03&region=all
2025-11-03 13:35:34 - scraper_service - DEBUG - Respuesta API válida capturada.
2025-11-03 13:35:37 - scraper_service - INFO - Página 2 procesada: 15 compras encontradas.
2025-11-03 13:35:37 - scraper_service - DEBUG - Iniciando guardado en BD para 15 items...
2025-11-03 13:35:37 - scraper_service - INFO - Guardadas 15 compras en PostgreSQL.
2025-11-03 13:35:38 - scraper_service - INFO - Navegando a página 3...
2025-11-03 13:35:38 - scraper_service - DEBUG - URL: https://buscador.mercadopublico.cl/compra-agil?status=2&order_by=recent&page_number=3&date_from=2025-11-01&date_to=2025-11-03&region=all
2025-11-03 13:35:41 - scraper_service - DEBUG - Respuesta API válida capturada.
2025-11-03 13:35:44 - scraper_service - INFO - Página 3 procesada: 15 compras encontradas.
2025-11-03 13:35:44 - scraper_service - DEBUG - Iniciando guardado en BD para 15 items...
2025-11-03 13:35:44 - scraper_service - INFO - Guardadas 15 compras en PostgreSQL.
2025-11-03 13:35:45 - scraper_service - INFO - Navegador (Playwright) cerrado.
2025-11-03 13:35:45 - scraper_service - INFO - ============================================================
2025-11-03 13:35:45 - scraper_service - INFO - RESUMEN DE SCRAPING (Listado)
2025-11-03 13:35:45 - scraper_service - INFO - Tiempo total: 30.09 segundos
2025-11-03 13:35:45 - scraper_service - INFO - Páginas procesadas: 3 / 3
2025-11-03 13:35:45 - scraper_service - INFO - Total compras guardadas: 45
2025-11-03 13:35:45 - scraper_service - INFO - ============================================================
2025-11-03 14:41:35 - db_service - INFO - Inicializando base de datos...
2025-11-03 14:41:35 - db_service - INFO - Tablas creadas exitosamente (si no existían).
2025-11-03 14:43:55 - scraper_service - INFO - ============================================================
2025-11-03 14:43:55 - scraper_service - INFO - INICIANDO SCRAPER DE LISTADO - FASE 1 (Listado)
2025-11-03 14:43:55 - scraper_service - INFO - ============================================================
2025-11-03 14:43:55 - scraper_service - INFO - Filtros aplicados: {'date_from': '2025-11-01', 'date_to': '2025-11-03'}
2025-11-03 14:43:55 - scraper_service - INFO - Límite de páginas: 3
2025-11-03 14:43:56 - scraper_service - INFO - Iniciando navegador (Playwright)...
2025-11-03 14:43:57 - scraper_service - INFO - Navegando a página 1...
2025-11-03 14:43:57 - scraper_service - DEBUG - URL: https://buscador.mercadopublico.cl/compra-agil?status=2&order_by=recent&page_number=1&date_from=2025-11-01&date_to=2025-11-03&region=all
2025-11-03 14:44:04 - scraper_service - DEBUG - Respuesta API válida capturada.
2025-11-03 14:44:07 - scraper_service - INFO - Página 1 procesada: 15 compras encontradas.
2025-11-03 14:44:07 - scraper_service - DEBUG - Iniciando guardado en BD para 15 items...
2025-11-03 14:44:07 - db_service - INFO - Commit exitoso: 15 nuevos, 0 actualizados.
2025-11-03 14:44:07 - scraper_service - INFO - Guardadas 15 compras en PostgreSQL.
2025-11-03 14:44:07 - scraper_service - INFO - Total resultados encontrados: 3639
2025-11-03 14:44:07 - scraper_service - INFO - Total páginas a scrapear: 243
2025-11-03 14:44:08 - scraper_service - INFO - Navegando a página 2...
2025-11-03 14:44:08 - scraper_service - DEBUG - URL: https://buscador.mercadopublico.cl/compra-agil?status=2&order_by=recent&page_number=2&date_from=2025-11-01&date_to=2025-11-03&region=all
2025-11-03 14:44:11 - scraper_service - DEBUG - Respuesta API válida capturada.
2025-11-03 14:44:14 - scraper_service - INFO - Página 2 procesada: 15 compras encontradas.
2025-11-03 14:44:14 - scraper_service - DEBUG - Iniciando guardado en BD para 15 items...
2025-11-03 14:44:14 - db_service - INFO - Commit exitoso: 0 nuevos, 15 actualizados.
2025-11-03 14:44:14 - scraper_service - INFO - Guardadas 15 compras en PostgreSQL.
2025-11-03 14:44:15 - scraper_service - INFO - Navegando a página 3...
2025-11-03 14:44:15 - scraper_service - DEBUG - URL: https://buscador.mercadopublico.cl/compra-agil?status=2&order_by=recent&page_number=3&date_from=2025-11-01&date_to=2025-11-03&region=all
2025-11-03 14:44:17 - scraper_service - DEBUG - Respuesta API válida capturada.
2025-11-03 14:44:20 - scraper_service - INFO - Página 3 procesada: 15 compras encontradas.
2025-11-03 14:44:20 - scraper_service - DEBUG - Iniciando guardado en BD para 15 items...
2025-11-03 14:44:20 - db_service - INFO - Commit exitoso: 0 nuevos, 15 actualizados.
2025-11-03 14:44:20 - scraper_service - INFO - Guardadas 15 compras en PostgreSQL.
2025-11-03 14:44:21 - scraper_service - INFO - Navegador (Playwright) cerrado.
2025-11-03 14:44:21 - scraper_service - INFO - ============================================================
2025-11-03 14:44:21 - scraper_service - INFO - RESUMEN DE SCRAPING (Listado)
2025-11-03 14:44:21 - scraper_service - INFO - Tiempo total: 26.16 segundos
2025-11-03 14:44:21 - scraper_service - INFO - Páginas procesadas: 3 / 3
2025-11-03 14:44:21 - scraper_service - INFO - Total compras guardadas: 45
2025-11-03 14:44:21 - scraper_service - INFO - ============================================================
2025-11-03 15:03:58 - db_service - INFO - Inicializando base de datos...
2025-11-03 15:03:58 - db_service - INFO - Tablas creadas exitosamente (si no existían).
2025-11-03 15:04:38 - scraper_service - INFO - ============================================================
2025-11-03 15:04:38 - scraper_service - INFO - INICIANDO SCRAPER DE LISTADO - FASE 1 (Listado)
2025-11-03 15:04:38 - scraper_service - INFO - ============================================================
2025-11-03 15:04:38 - scraper_service - INFO - Filtros aplicados: {'date_from': '2025-11-01', 'date_to': '2025-11-03'}
2025-11-03 15:04:38 - scraper_service - INFO - Límite de páginas: 3
2025-11-03 15:04:38 - scraper_service - INFO - Iniciando navegador (Playwright)...
2025-11-03 15:04:40 - scraper_service - INFO - Navegando a página 1...
2025-11-03 15:04:40 - scraper_service - DEBUG - URL: https://buscador.mercadopublico.cl/compra-agil?status=2&order_by=recent&page_number=1&date_from=2025-11-01&date_to=2025-11-03&region=all
2025-11-03 15:05:00 - scraper_service - ERROR - TIMEOUT en página 1. La API no respondió a tiempo.
2025-11-03 15:05:00 - scraper_service - CRITICAL - FALLO EL PROCESO DE SCRAPING: No se pudo obtener la página 1. Abortando.
2025-11-03 15:05:00 - scraper_service - INFO - ============================================================
2025-11-03 15:05:00 - scraper_service - INFO - RESUMEN DE SCRAPING (Listado)
2025-11-03 15:05:00 - scraper_service - INFO - Tiempo total: 22.67 segundos
2025-11-03 15:11:36 - scraper_service - INFO - ============================================================
2025-11-03 15:11:36 - scraper_service - INFO - INICIANDO SCRAPER DE LISTADO - FASE 1 (Listado)
2025-11-03 15:11:36 - scraper_service - INFO - ============================================================
2025-11-03 15:11:36 - scraper_service - INFO - Filtros aplicados: {'date_from': '2025-11-01', 'date_to': '2025-11-03'}
2025-11-03 15:11:36 - scraper_service - INFO - Límite de páginas: 3
2025-11-03 15:11:37 - scraper_service - INFO - Iniciando navegador (Playwright)...
2025-11-03 15:11:38 - scraper_service - INFO - Navegando a página 1...
2025-11-03 15:11:38 - scraper_service - DEBUG - URL: https://buscador.mercadopublico.cl/compra-agil?status=2&order_by=recent&page_number=1&date_from=2025-11-01&date_to=2025-11-03&region=all
2025-11-03 15:11:43 - scraper_service - INFO - Página 1 procesada: 15 compras encontradas.
2025-11-03 15:11:43 - scraper_service - DEBUG - Iniciando guardado en BD para 15 items...
2025-11-03 15:11:43 - db_service - INFO - Commit exitoso: 15 nuevos, 0 actualizados.
2025-11-03 15:11:43 - scraper_service - INFO - Total resultados encontrados: 3752
2025-11-03 15:11:43 - scraper_service - INFO - Total páginas a scrapear: 251
2025-11-03 15:11:43 - scraper_service - INFO - Límite de páginas establecido en: 3
2025-11-03 15:11:44 - scraper_service - INFO - Navegando a página 2...
2025-11-03 15:11:44 - scraper_service - DEBUG - URL: https://buscador.mercadopublico.cl/compra-agil?status=2&order_by=recent&page_number=2&date_from=2025-11-01&date_to=2025-11-03&region=all
2025-11-03 15:12:04 - scraper_service - ERROR - TIMEOUT en página 2. La API no respondió a tiempo.
2025-11-03 15:12:04 - scraper_service - WARNING - Se omite la página 2 por error.
2025-11-03 15:12:05 - scraper_service - INFO - Navegando a página 3...
2025-11-03 15:12:05 - scraper_service - DEBUG - URL: https://buscador.mercadopublico.cl/compra-agil?status=2&order_by=recent&page_number=3&date_from=2025-11-01&date_to=2025-11-03&region=all
2025-11-03 15:12:25 - scraper_service - ERROR - TIMEOUT en página 3. La API no respondió a tiempo.
2025-11-03 15:12:25 - scraper_service - WARNING - Se omite la página 3 por error.
2025-11-03 15:12:26 - scraper_service - INFO - Navegador (Playwright) cerrado.
2025-11-03 15:12:26 - scraper_service - INFO - ============================================================
2025-11-03 15:12:26 - scraper_service - INFO - RESUMEN DE SCRAPING (Listado)
2025-11-03 15:12:26 - scraper_service - INFO - Tiempo total: 50.59 segundos
2025-11-03 15:12:26 - scraper_service - INFO - Páginas procesadas: 1 / 3
2025-11-03 15:12:26 - scraper_service - INFO - Total compras procesadas: 15
2025-11-03 15:12:26 - scraper_service - INFO - ============================================================
2025-11-03 15:25:55 - scraper_service - INFO - ============================================================
2025-11-03 15:25:55 - scraper_service - INFO - INICIANDO SCRAPER DE LISTADO - FASE 1 (Listado)
2025-11-03 15:25:55 - scraper_service - INFO - ============================================================
2025-11-03 15:25:55 - scraper_service - INFO - Filtros aplicados: {'date_from': '2025-11-01', 'date_to': '2025-11-03'}
2025-11-03 15:25:55 - scraper_service - INFO - Límite de páginas: 3
2025-11-03 15:25:56 - scraper_service - INFO - Iniciando navegador (Playwright)...
2025-11-03 15:25:57 - scraper_service - INFO - Navegando a página 1...
2025-11-03 15:25:57 - scraper_service - DEBUG - Esperando respuesta de API para página 1...
2025-11-03 15:26:17 - scraper_service - ERROR - TIMEOUT en página 1. La API no respondió a tiempo.
2025-11-03 15:26:22 - scraper_service - CRITICAL - FALLO EL PROCESO DE SCRAPING: 'bool' object has no attribute 'result'
2025-11-03 15:26:22 - scraper_service - INFO - ============================================================
2025-11-03 15:26:22 - scraper_service - INFO - RESUMEN DE SCRAPING (Listado)
2025-11-03 15:26:22 - scraper_service - INFO - Tiempo total: 26.71 segundos
2025-11-03 15:26:22 - scraper_service - INFO - Páginas procesadas: 0 / 3
2025-11-03 15:26:22 - scraper_service - INFO - Total compras procesadas: 0
2025-11-03 15:26:22 - scraper_service - INFO - ============================================================
2025-11-03 15:27:13 - scraper_service - INFO - ============================================================
2025-11-03 15:27:13 - scraper_service - INFO - INICIANDO SCRAPER DE LISTADO - FASE 1 (Listado)
2025-11-03 15:27:13 - scraper_service - INFO - ============================================================
2025-11-03 15:27:13 - scraper_service - INFO - Filtros aplicados: {'date_from': '2025-11-01', 'date_to': '2025-11-03'}
2025-11-03 15:27:13 - scraper_service - INFO - Límite de páginas: 3
2025-11-03 15:27:14 - scraper_service - INFO - Iniciando navegador (Playwright)...
2025-11-03 15:27:15 - scraper_service - INFO - Navegando a página 1...
2025-11-03 15:27:15 - scraper_service - DEBUG - URL: https://buscador.mercadopublico.cl/compra-agil?status=2&order_by=recent&page_number=1&date_from=2025-11-01&date_to=2025-11-03&region=all
2025-11-03 15:27:18 - scraper_service - INFO - Página 1 procesada: 15 compras encontradas.
2025-11-03 15:27:18 - scraper_service - DEBUG - Iniciando guardado en BD para 15 items...
2025-11-03 15:27:19 - db_service - INFO - Commit exitoso: 15 nuevos, 0 actualizados.
2025-11-03 15:27:19 - scraper_service - INFO - Total resultados encontrados: 3993
2025-11-03 15:27:19 - scraper_service - INFO - Total páginas a scrapear: 267
2025-11-03 15:27:19 - scraper_service - INFO - Límite de páginas establecido en: 3
2025-11-03 15:27:20 - scraper_service - INFO - Navegando a página 2...
2025-11-03 15:27:20 - scraper_service - DEBUG - URL: https://buscador.mercadopublico.cl/compra-agil?status=2&order_by=recent&page_number=2&date_from=2025-11-01&date_to=2025-11-03&region=all
2025-11-03 15:27:40 - scraper_service - ERROR - TIMEOUT en página 2. La API no respondió a tiempo.
2025-11-03 15:27:40 - scraper_service - WARNING - Se omite la página 2 por error.
2025-11-03 15:27:41 - scraper_service - INFO - Navegando a página 3...
2025-11-03 15:27:41 - scraper_service - DEBUG - URL: https://buscador.mercadopublico.cl/compra-agil?status=2&order_by=recent&page_number=3&date_from=2025-11-01&date_to=2025-11-03&region=all
2025-11-03 15:28:01 - scraper_service - ERROR - TIMEOUT en página 3. La API no respondió a tiempo.
2025-11-03 15:28:01 - scraper_service - WARNING - Se omite la página 3 por error.
2025-11-03 15:28:02 - scraper_service - INFO - Navegador (Playwright) cerrado.
2025-11-03 15:28:02 - scraper_service - INFO - ============================================================
2025-11-03 15:28:02 - scraper_service - INFO - RESUMEN DE SCRAPING (Listado)
2025-11-03 15:28:02 - scraper_service - INFO - Tiempo total: 48.74 segundos
2025-11-03 15:28:02 - scraper_service - INFO - Páginas procesadas: 1 / 3
2025-11-03 15:28:02 - scraper_service - INFO - Total compras procesadas: 15
2025-11-03 15:28:02 - scraper_service - INFO - ============================================================
2025-11-03 15:30:47 - scraper_service - INFO - ============================================================
2025-11-03 15:30:47 - scraper_service - INFO - INICIANDO SCRAPER DE LISTADO - FASE 1 (Listado)
2025-11-03 15:30:47 - scraper_service - INFO - ============================================================
2025-11-03 15:30:47 - scraper_service - INFO - Filtros aplicados: {'date_from': '2025-11-01', 'date_to': '2025-11-03'}
2025-11-03 15:30:47 - scraper_service - INFO - Límite de páginas: 3
2025-11-03 15:30:48 - scraper_service - INFO - Iniciando navegador (Playwright)...
2025-11-03 15:30:49 - scraper_service - INFO - Navegando a página 1...
2025-11-03 15:30:49 - scraper_service - DEBUG - URL: https://buscador.mercadopublico.cl/compra-agil?status=2&order_by=recent&page_number=1&date_from=2025-11-01&date_to=2025-11-03&region=all
2025-11-03 15:30:52 - scraper_service - INFO - Página 1 procesada: 15 compras encontradas.
2025-11-03 15:30:52 - scraper_service - DEBUG - Iniciando guardado en BD para 15 items...
2025-11-03 15:30:53 - db_service - INFO - Commit exitoso: 15 nuevos, 0 actualizados.
2025-11-03 15:30:53 - scraper_service - INFO - Total resultados encontrados: 4060
2025-11-03 15:30:53 - scraper_service - INFO - Total páginas a scrapear: 271
2025-11-03 15:30:53 - scraper_service - INFO - Límite de páginas establecido en: 3
2025-11-03 15:30:55 - scraper_service - INFO - Navegando a página 2...
2025-11-03 15:30:55 - scraper_service - DEBUG - URL: https://buscador.mercadopublico.cl/compra-agil?status=2&order_by=recent&page_number=2&date_from=2025-11-01&date_to=2025-11-03&region=all
2025-11-03 15:31:25 - scraper_service - ERROR - TIMEOUT en página 2. La API no respondió a tiempo.
2025-11-03 15:31:25 - scraper_service - WARNING - Se omite la página 2 por error.
2025-11-03 15:31:27 - scraper_service - INFO - Navegando a página 3...
2025-11-03 15:31:27 - scraper_service - DEBUG - URL: https://buscador.mercadopublico.cl/compra-agil?status=2&order_by=recent&page_number=3&date_from=2025-11-01&date_to=2025-11-03&region=all
2025-11-03 15:31:57 - scraper_service - ERROR - TIMEOUT en página 3. La API no respondió a tiempo.
2025-11-03 15:31:57 - scraper_service - WARNING - Se omite la página 3 por error.
2025-11-03 15:31:58 - scraper_service - INFO - Navegador (Playwright) cerrado.
2025-11-03 15:31:58 - scraper_service - INFO - ============================================================
2025-11-03 15:31:58 - scraper_service - INFO - RESUMEN DE SCRAPING (Listado)
2025-11-03 15:31:58 - scraper_service - INFO - Tiempo total: 70.94 segundos
2025-11-03 15:31:58 - scraper_service - INFO - Páginas procesadas: 1 / 3
2025-11-03 15:31:58 - scraper_service - INFO - Total compras procesadas: 15
2025-11-03 15:31:58 - scraper_service - INFO - ============================================================
